<?xml version="1.0" encoding="UTF-8"?>
<testsuite name="com.facturacion.facturacionapp.services.BillServiceTest" tests="1" skipped="0" failures="0" errors="0" timestamp="2025-05-01T19:10:52.248Z" hostname="SCORTES" time="0.307">
  <properties/>
  <testcase name="createBillWithDetailsTest()" classname="com.facturacion.facturacionapp.services.BillServiceTest" time="0.307"/>
  <system-out><![CDATA[]]></system-out>
  <system-err><![CDATA[]]></system-err>
</testsuite>
