<?xml version="1.0" encoding="UTF-8"?>
<testsuite name="com.facturacion.facturacionapp.repositories.ClientRepositoryTest" tests="2" skipped="0" failures="0" errors="0" timestamp="2025-05-01T19:10:52.066Z" hostname="SCORTES" time="0.173">
  <properties/>
  <testcase name="createClientTest()" classname="com.facturacion.facturacionapp.repositories.ClientRepositoryTest" time="0.095"/>
  <testcase name="updateClientTest()" classname="com.facturacion.facturacionapp.repositories.ClientRepositoryTest" time="0.075"/>
  <system-out><![CDATA[2025-05-01T15:10:52.046-04:00 DEBUG 16740 --- [facturacionapp] [    Test worker] b.t.a.o.j.DataJpaTestContextBootstrapper : Neither @ContextConfiguration nor @ContextHierarchy found for test class [ClientRepositoryTest]: using SpringBootContextLoader
2025-05-01T15:10:52.047-04:00 DEBUG 16740 --- [facturacionapp] [    Test worker] o.s.t.c.support.AbstractContextLoader    : Could not detect default resource locations for test class [com.facturacion.facturacionapp.repositories.ClientRepositoryTest]: no resource found for suffixes {-context.xml, Context.groovy}.
2025-05-01T15:10:52.047-04:00  INFO 16740 --- [facturacionapp] [    Test worker] t.c.s.AnnotationConfigContextLoaderUtils : Could not detect default configuration classes for test class [com.facturacion.facturacionapp.repositories.ClientRepositoryTest]: ClientRepositoryTest does not declare any static, non-private, non-final, nested classes annotated with @Configuration.
2025-05-01T15:10:52.048-04:00 DEBUG 16740 --- [facturacionapp] [    Test worker] b.t.a.o.j.DataJpaTestContextBootstrapper : Using ContextCustomizerFactory implementations for test class [ClientRepositoryTest]: [OnFailureConditionReportContextCustomizerFactory, OverrideAutoConfigurationContextCustomizerFactory, ObservabilityContextCustomizerFactory, TypeExcludeFiltersContextCustomizerFactory, PropertyMappingContextCustomizerFactory, WebDriverContextCustomizerFactory, ImportsContextCustomizerFactory, ExcludeFilterContextCustomizerFactory, HttpGraphQlTesterContextCustomizerFactory, DuplicateJsonObjectContextCustomizerFactory, MockitoContextCustomizerFactory, TestRestTemplateContextCustomizerFactory, WebTestClientContextCustomizerFactory, DisableReactorResourceFactoryGlobalResourcesContextCustomizerFactory, BeanOverrideContextCustomizerFactory, MockServerContainerContextCustomizerFactory, DynamicPropertiesContextCustomizerFactory]
2025-05-01T15:10:52.061-04:00 DEBUG 16740 --- [facturacionapp] [    Test worker] b.t.a.o.j.DataJpaTestContextBootstrapper : Using ContextCustomizers for test class [ClientRepositoryTest]: [OnFailureConditionReportContextCustomizer, DisableAutoConfigurationContextCustomizer, DisableObservabilityContextCustomizer, TypeExcludeFiltersContextCustomizer, PropertyMappingContextCustomizer, WebDriverContextCustomizer, ImportsContextCustomizer, ExcludeFilterContextCustomizer, DuplicateJsonObjectContextCustomizer, MockitoContextCustomizer, DisableReactorResourceFactoryGlobalResourcesContextCustomizerCustomizer, DynamicPropertiesContextCustomizer]
2025-05-01T15:10:52.061-04:00  INFO 16740 --- [facturacionapp] [    Test worker] .b.t.c.SpringBootTestContextBootstrapper : Found @SpringBootConfiguration com.facturacion.facturacionapp.FacturacionappApplication for test class com.facturacion.facturacionapp.repositories.ClientRepositoryTest
2025-05-01T15:10:52.062-04:00 DEBUG 16740 --- [facturacionapp] [    Test worker] .s.t.c.u.TestContextSpringFactoriesUtils : Skipping candidate TestExecutionListener [org.springframework.test.context.observation.MicrometerObservationRegistryTestExecutionListener] due to a missing dependency. Specify custom TestExecutionListener classes or make the default TestExecutionListener classes and their required dependencies available. Offending class: io.micrometer.context.ThreadLocalAccessor. MicrometerObservationRegistryTestExecutionListener requires io.micrometer:micrometer-observation:1.10.8 or higher and io.micrometer:context-propagation:1.0.3 or higher.
2025-05-01T15:10:52.063-04:00 DEBUG 16740 --- [facturacionapp] [    Test worker] b.t.a.o.j.DataJpaTestContextBootstrapper : Using TestExecutionListeners for test class [ClientRepositoryTest]: [ServletTestExecutionListener, DirtiesContextBeforeModesTestExecutionListener, ApplicationEventsTestExecutionListener, MockitoTestExecutionListener, BeanOverrideTestExecutionListener, DependencyInjectionTestExecutionListener, DirtiesContextTestExecutionListener, CommonCachesTestExecutionListener, TransactionalTestExecutionListener, SqlScriptsTestExecutionListener, WithSecurityContextTestExecutionListener, EventPublishingTestExecutionListener, ReactorContextTestExecutionListener, RestDocsTestExecutionListener, MockRestServiceServerResetTestExecutionListener, MockMvcPrintOnlyOnFailureTestExecutionListener, WebDriverTestExecutionListener, MockWebServiceServerTestExecutionListener, ResetMocksTestExecutionListener, MockitoResetTestExecutionListener]
2025-05-01T15:10:52.063-04:00 DEBUG 16740 --- [facturacionapp] [    Test worker] sContextBeforeModesTestExecutionListener : Before test class: class [ClientRepositoryTest], class annotated with @DirtiesContext [false] with mode [null]
2025-05-01T15:10:52.064-04:00 DEBUG 16740 --- [facturacionapp] [    Test worker] org.springframework.test.context.cache   : Spring test ApplicationContext cache statistics: [DefaultContextCache@26712838 size = 2, maxSize = 32, parentContextCount = 0, hitCount = 52, missCount = 2, failureCount = 0]
2025-05-01T15:10:52.065-04:00 DEBUG 16740 --- [facturacionapp] [    Test worker] DependencyInjectionTestExecutionListener : Performing dependency injection for test class com.facturacion.facturacionapp.repositories.ClientRepositoryTest
2025-05-01T15:10:52.065-04:00 DEBUG 16740 --- [facturacionapp] [    Test worker] org.springframework.test.context.cache   : Spring test ApplicationContext cache statistics: [DefaultContextCache@26712838 size = 2, maxSize = 32, parentContextCount = 0, hitCount = 53, missCount = 2, failureCount = 0]
2025-05-01T15:10:52.066-04:00 DEBUG 16740 --- [facturacionapp] [    Test worker] org.springframework.test.context.cache   : Spring test ApplicationContext cache statistics: [DefaultContextCache@26712838 size = 2, maxSize = 32, parentContextCount = 0, hitCount = 54, missCount = 2, failureCount = 0]
2025-05-01T15:10:52.068-04:00 DEBUG 16740 --- [facturacionapp] [    Test worker] sContextBeforeModesTestExecutionListener : Before test method: class [ClientRepositoryTest], method [createClientTest], class annotated with @DirtiesContext [false] with mode [null], method annotated with @DirtiesContext [false] with mode [null]
2025-05-01T15:10:52.068-04:00 DEBUG 16740 --- [facturacionapp] [    Test worker] t.c.t.TransactionalTestExecutionListener : Explicit transaction definition [PROPAGATION_REQUIRED,ISOLATION_DEFAULT] found for test class [com.facturacion.facturacionapp.repositories.ClientRepositoryTest] and test method [createClientTest]
2025-05-01T15:10:52.068-04:00 DEBUG 16740 --- [facturacionapp] [    Test worker] org.springframework.test.context.cache   : Spring test ApplicationContext cache statistics: [DefaultContextCache@26712838 size = 2, maxSize = 32, parentContextCount = 0, hitCount = 55, missCount = 2, failureCount = 0]
2025-05-01T15:10:52.069-04:00 DEBUG 16740 --- [facturacionapp] [    Test worker] t.c.t.TransactionalTestExecutionListener : No method-level @Rollback override: using default rollback [true] for test method [void com.facturacion.facturacionapp.repositories.ClientRepositoryTest.createClientTest()]
2025-05-01T15:10:52.069-04:00 DEBUG 16740 --- [facturacionapp] [    Test worker] o.s.orm.jpa.JpaTransactionManager        : Creating new transaction with name [com.facturacion.facturacionapp.repositories.ClientRepositoryTest.createClientTest]: PROPAGATION_REQUIRED,ISOLATION_DEFAULT
2025-05-01T15:10:52.069-04:00 DEBUG 16740 --- [facturacionapp] [    Test worker] o.s.orm.jpa.JpaTransactionManager        : Opened new EntityManager [SessionImpl(1622160793<open>)] for JPA transaction
2025-05-01T15:10:52.069-04:00 DEBUG 16740 --- [facturacionapp] [    Test worker] o.s.orm.jpa.JpaTransactionManager        : Exposing JPA transaction as JDBC [org.springframework.orm.jpa.vendor.HibernateJpaDialect$HibernateConnectionHandle@627a06e6]
2025-05-01T15:10:52.069-04:00 DEBUG 16740 --- [facturacionapp] [    Test worker] o.s.t.c.transaction.TransactionContext   : Began transaction (1) for test class [com.facturacion.facturacionapp.repositories.ClientRepositoryTest]; test method [createClientTest]; transaction manager [org.springframework.orm.jpa.JpaTransactionManager@24305eca]; rollback [true]
2025-05-01T15:10:52.070-04:00 DEBUG 16740 --- [facturacionapp] [    Test worker] org.springframework.test.context.cache   : Spring test ApplicationContext cache statistics: [DefaultContextCache@26712838 size = 2, maxSize = 32, parentContextCount = 0, hitCount = 56, missCount = 2, failureCount = 0]
2025-05-01T15:10:52.070-04:00 DEBUG 16740 --- [facturacionapp] [    Test worker] org.springframework.test.context.cache   : Spring test ApplicationContext cache statistics: [DefaultContextCache@26712838 size = 2, maxSize = 32, parentContextCount = 0, hitCount = 57, missCount = 2, failureCount = 0]
2025-05-01T15:10:52.072-04:00 DEBUG 16740 --- [facturacionapp] [    Test worker] org.springframework.test.context.cache   : Spring test ApplicationContext cache statistics: [DefaultContextCache@26712838 size = 2, maxSize = 32, parentContextCount = 0, hitCount = 58, missCount = 2, failureCount = 0]
2025-05-01T15:10:52.073-04:00 DEBUG 16740 --- [facturacionapp] [    Test worker] org.springframework.test.context.cache   : Spring test ApplicationContext cache statistics: [DefaultContextCache@26712838 size = 2, maxSize = 32, parentContextCount = 0, hitCount = 59, missCount = 2, failureCount = 0]
2025-05-01T15:10:52.074-04:00 DEBUG 16740 --- [facturacionapp] [    Test worker] o.s.orm.jpa.JpaTransactionManager        : Found thread-bound EntityManager [SessionImpl(1622160793<open>)] for JPA transaction
2025-05-01T15:10:52.074-04:00 DEBUG 16740 --- [facturacionapp] [    Test worker] o.s.orm.jpa.JpaTransactionManager        : Participating in existing transaction
Hibernate: insert into clients (address,name,phone,id) values (?,?,?,default)
2025-05-01T15:10:52.126-04:00 DEBUG 16740 --- [facturacionapp] [    Test worker] org.springframework.test.context.cache   : Spring test ApplicationContext cache statistics: [DefaultContextCache@26712838 size = 2, maxSize = 32, parentContextCount = 0, hitCount = 60, missCount = 2, failureCount = 0]
2025-05-01T15:10:52.127-04:00 DEBUG 16740 --- [facturacionapp] [    Test worker] org.springframework.test.context.cache   : Spring test ApplicationContext cache statistics: [DefaultContextCache@26712838 size = 2, maxSize = 32, parentContextCount = 0, hitCount = 61, missCount = 2, failureCount = 0]
2025-05-01T15:10:52.128-04:00 DEBUG 16740 --- [facturacionapp] [    Test worker] org.springframework.test.context.cache   : Spring test ApplicationContext cache statistics: [DefaultContextCache@26712838 size = 2, maxSize = 32, parentContextCount = 0, hitCount = 62, missCount = 2, failureCount = 0]
2025-05-01T15:10:52.128-04:00 DEBUG 16740 --- [facturacionapp] [    Test worker] org.springframework.test.context.cache   : Spring test ApplicationContext cache statistics: [DefaultContextCache@26712838 size = 2, maxSize = 32, parentContextCount = 0, hitCount = 63, missCount = 2, failureCount = 0]
2025-05-01T15:10:52.129-04:00 DEBUG 16740 --- [facturacionapp] [    Test worker] org.springframework.test.context.cache   : Spring test ApplicationContext cache statistics: [DefaultContextCache@26712838 size = 2, maxSize = 32, parentContextCount = 0, hitCount = 64, missCount = 2, failureCount = 0]
2025-05-01T15:10:52.129-04:00 DEBUG 16740 --- [facturacionapp] [    Test worker] org.springframework.test.context.cache   : Spring test ApplicationContext cache statistics: [DefaultContextCache@26712838 size = 2, maxSize = 32, parentContextCount = 0, hitCount = 65, missCount = 2, failureCount = 0]
2025-05-01T15:10:52.130-04:00 DEBUG 16740 --- [facturacionapp] [    Test worker] org.springframework.test.context.cache   : Spring test ApplicationContext cache statistics: [DefaultContextCache@26712838 size = 2, maxSize = 32, parentContextCount = 0, hitCount = 66, missCount = 2, failureCount = 0]
2025-05-01T15:10:52.131-04:00 DEBUG 16740 --- [facturacionapp] [    Test worker] org.springframework.test.context.cache   : Spring test ApplicationContext cache statistics: [DefaultContextCache@26712838 size = 2, maxSize = 32, parentContextCount = 0, hitCount = 67, missCount = 2, failureCount = 0]
2025-05-01T15:10:52.131-04:00 DEBUG 16740 --- [facturacionapp] [    Test worker] o.s.orm.jpa.JpaTransactionManager        : Initiating transaction rollback
2025-05-01T15:10:52.131-04:00 DEBUG 16740 --- [facturacionapp] [    Test worker] o.s.orm.jpa.JpaTransactionManager        : Rolling back JPA transaction on EntityManager [SessionImpl(1622160793<open>)]
2025-05-01T15:10:52.161-04:00 DEBUG 16740 --- [facturacionapp] [    Test worker] o.s.orm.jpa.JpaTransactionManager        : Closing JPA EntityManager [SessionImpl(1622160793<open>)] after transaction
2025-05-01T15:10:52.161-04:00 DEBUG 16740 --- [facturacionapp] [    Test worker] o.s.t.c.transaction.TransactionContext   : Rolled back transaction (1) for test class [com.facturacion.facturacionapp.repositories.ClientRepositoryTest]; test method [createClientTest]
2025-05-01T15:10:52.161-04:00 DEBUG 16740 --- [facturacionapp] [    Test worker] .c.s.DirtiesContextTestExecutionListener : After test method: class [ClientRepositoryTest], method [createClientTest], class annotated with @DirtiesContext [false] with mode [null], method annotated with @DirtiesContext [false] with mode [null]
2025-05-01T15:10:52.162-04:00 DEBUG 16740 --- [facturacionapp] [    Test worker] DependencyInjectionTestExecutionListener : Performing dependency injection for test class com.facturacion.facturacionapp.repositories.ClientRepositoryTest
2025-05-01T15:10:52.163-04:00 DEBUG 16740 --- [facturacionapp] [    Test worker] org.springframework.test.context.cache   : Spring test ApplicationContext cache statistics: [DefaultContextCache@26712838 size = 2, maxSize = 32, parentContextCount = 0, hitCount = 68, missCount = 2, failureCount = 0]
2025-05-01T15:10:52.164-04:00 DEBUG 16740 --- [facturacionapp] [    Test worker] org.springframework.test.context.cache   : Spring test ApplicationContext cache statistics: [DefaultContextCache@26712838 size = 2, maxSize = 32, parentContextCount = 0, hitCount = 69, missCount = 2, failureCount = 0]
2025-05-01T15:10:52.165-04:00 DEBUG 16740 --- [facturacionapp] [    Test worker] sContextBeforeModesTestExecutionListener : Before test method: class [ClientRepositoryTest], method [updateClientTest], class annotated with @DirtiesContext [false] with mode [null], method annotated with @DirtiesContext [false] with mode [null]
2025-05-01T15:10:52.165-04:00 DEBUG 16740 --- [facturacionapp] [    Test worker] t.c.t.TransactionalTestExecutionListener : Explicit transaction definition [PROPAGATION_REQUIRED,ISOLATION_DEFAULT] found for test class [com.facturacion.facturacionapp.repositories.ClientRepositoryTest] and test method [updateClientTest]
2025-05-01T15:10:52.165-04:00 DEBUG 16740 --- [facturacionapp] [    Test worker] org.springframework.test.context.cache   : Spring test ApplicationContext cache statistics: [DefaultContextCache@26712838 size = 2, maxSize = 32, parentContextCount = 0, hitCount = 70, missCount = 2, failureCount = 0]
2025-05-01T15:10:52.166-04:00 DEBUG 16740 --- [facturacionapp] [    Test worker] t.c.t.TransactionalTestExecutionListener : No method-level @Rollback override: using default rollback [true] for test method [void com.facturacion.facturacionapp.repositories.ClientRepositoryTest.updateClientTest()]
2025-05-01T15:10:52.166-04:00 DEBUG 16740 --- [facturacionapp] [    Test worker] o.s.orm.jpa.JpaTransactionManager        : Creating new transaction with name [com.facturacion.facturacionapp.repositories.ClientRepositoryTest.updateClientTest]: PROPAGATION_REQUIRED,ISOLATION_DEFAULT
2025-05-01T15:10:52.166-04:00 DEBUG 16740 --- [facturacionapp] [    Test worker] o.s.orm.jpa.JpaTransactionManager        : Opened new EntityManager [SessionImpl(220381832<open>)] for JPA transaction
2025-05-01T15:10:52.166-04:00 DEBUG 16740 --- [facturacionapp] [    Test worker] o.s.orm.jpa.JpaTransactionManager        : Exposing JPA transaction as JDBC [org.springframework.orm.jpa.vendor.HibernateJpaDialect$HibernateConnectionHandle@4151d8a3]
2025-05-01T15:10:52.166-04:00 DEBUG 16740 --- [facturacionapp] [    Test worker] o.s.t.c.transaction.TransactionContext   : Began transaction (1) for test class [com.facturacion.facturacionapp.repositories.ClientRepositoryTest]; test method [updateClientTest]; transaction manager [org.springframework.orm.jpa.JpaTransactionManager@24305eca]; rollback [true]
2025-05-01T15:10:52.167-04:00 DEBUG 16740 --- [facturacionapp] [    Test worker] org.springframework.test.context.cache   : Spring test ApplicationContext cache statistics: [DefaultContextCache@26712838 size = 2, maxSize = 32, parentContextCount = 0, hitCount = 71, missCount = 2, failureCount = 0]
2025-05-01T15:10:52.168-04:00 DEBUG 16740 --- [facturacionapp] [    Test worker] org.springframework.test.context.cache   : Spring test ApplicationContext cache statistics: [DefaultContextCache@26712838 size = 2, maxSize = 32, parentContextCount = 0, hitCount = 72, missCount = 2, failureCount = 0]
2025-05-01T15:10:52.168-04:00 DEBUG 16740 --- [facturacionapp] [    Test worker] org.springframework.test.context.cache   : Spring test ApplicationContext cache statistics: [DefaultContextCache@26712838 size = 2, maxSize = 32, parentContextCount = 0, hitCount = 73, missCount = 2, failureCount = 0]
2025-05-01T15:10:52.169-04:00 DEBUG 16740 --- [facturacionapp] [    Test worker] org.springframework.test.context.cache   : Spring test ApplicationContext cache statistics: [DefaultContextCache@26712838 size = 2, maxSize = 32, parentContextCount = 0, hitCount = 74, missCount = 2, failureCount = 0]
2025-05-01T15:10:52.170-04:00 DEBUG 16740 --- [facturacionapp] [    Test worker] o.s.orm.jpa.JpaTransactionManager        : Found thread-bound EntityManager [SessionImpl(220381832<open>)] for JPA transaction
2025-05-01T15:10:52.170-04:00 DEBUG 16740 --- [facturacionapp] [    Test worker] o.s.orm.jpa.JpaTransactionManager        : Participating in existing transaction
Hibernate: insert into clients (address,name,phone,id) values (?,?,?,default)
2025-05-01T15:10:52.208-04:00 DEBUG 16740 --- [facturacionapp] [    Test worker] o.s.orm.jpa.JpaTransactionManager        : Found thread-bound EntityManager [SessionImpl(220381832<open>)] for JPA transaction
2025-05-01T15:10:52.208-04:00 DEBUG 16740 --- [facturacionapp] [    Test worker] o.s.orm.jpa.JpaTransactionManager        : Participating in existing transaction
2025-05-01T15:10:52.209-04:00 DEBUG 16740 --- [facturacionapp] [    Test worker] org.springframework.test.context.cache   : Spring test ApplicationContext cache statistics: [DefaultContextCache@26712838 size = 2, maxSize = 32, parentContextCount = 0, hitCount = 75, missCount = 2, failureCount = 0]
2025-05-01T15:10:52.209-04:00 DEBUG 16740 --- [facturacionapp] [    Test worker] org.springframework.test.context.cache   : Spring test ApplicationContext cache statistics: [DefaultContextCache@26712838 size = 2, maxSize = 32, parentContextCount = 0, hitCount = 76, missCount = 2, failureCount = 0]
2025-05-01T15:10:52.210-04:00 DEBUG 16740 --- [facturacionapp] [    Test worker] org.springframework.test.context.cache   : Spring test ApplicationContext cache statistics: [DefaultContextCache@26712838 size = 2, maxSize = 32, parentContextCount = 0, hitCount = 77, missCount = 2, failureCount = 0]
2025-05-01T15:10:52.211-04:00 DEBUG 16740 --- [facturacionapp] [    Test worker] org.springframework.test.context.cache   : Spring test ApplicationContext cache statistics: [DefaultContextCache@26712838 size = 2, maxSize = 32, parentContextCount = 0, hitCount = 78, missCount = 2, failureCount = 0]
2025-05-01T15:10:52.212-04:00 DEBUG 16740 --- [facturacionapp] [    Test worker] org.springframework.test.context.cache   : Spring test ApplicationContext cache statistics: [DefaultContextCache@26712838 size = 2, maxSize = 32, parentContextCount = 0, hitCount = 79, missCount = 2, failureCount = 0]
2025-05-01T15:10:52.212-04:00 DEBUG 16740 --- [facturacionapp] [    Test worker] org.springframework.test.context.cache   : Spring test ApplicationContext cache statistics: [DefaultContextCache@26712838 size = 2, maxSize = 32, parentContextCount = 0, hitCount = 80, missCount = 2, failureCount = 0]
2025-05-01T15:10:52.213-04:00 DEBUG 16740 --- [facturacionapp] [    Test worker] org.springframework.test.context.cache   : Spring test ApplicationContext cache statistics: [DefaultContextCache@26712838 size = 2, maxSize = 32, parentContextCount = 0, hitCount = 81, missCount = 2, failureCount = 0]
2025-05-01T15:10:52.213-04:00 DEBUG 16740 --- [facturacionapp] [    Test worker] org.springframework.test.context.cache   : Spring test ApplicationContext cache statistics: [DefaultContextCache@26712838 size = 2, maxSize = 32, parentContextCount = 0, hitCount = 82, missCount = 2, failureCount = 0]
2025-05-01T15:10:52.214-04:00 DEBUG 16740 --- [facturacionapp] [    Test worker] o.s.orm.jpa.JpaTransactionManager        : Initiating transaction rollback
2025-05-01T15:10:52.214-04:00 DEBUG 16740 --- [facturacionapp] [    Test worker] o.s.orm.jpa.JpaTransactionManager        : Rolling back JPA transaction on EntityManager [SessionImpl(220381832<open>)]
2025-05-01T15:10:52.240-04:00 DEBUG 16740 --- [facturacionapp] [    Test worker] o.s.orm.jpa.JpaTransactionManager        : Closing JPA EntityManager [SessionImpl(220381832<open>)] after transaction
2025-05-01T15:10:52.240-04:00 DEBUG 16740 --- [facturacionapp] [    Test worker] o.s.t.c.transaction.TransactionContext   : Rolled back transaction (1) for test class [com.facturacion.facturacionapp.repositories.ClientRepositoryTest]; test method [updateClientTest]
2025-05-01T15:10:52.240-04:00 DEBUG 16740 --- [facturacionapp] [    Test worker] .c.s.DirtiesContextTestExecutionListener : After test method: class [ClientRepositoryTest], method [updateClientTest], class annotated with @DirtiesContext [false] with mode [null], method annotated with @DirtiesContext [false] with mode [null]
2025-05-01T15:10:52.241-04:00 DEBUG 16740 --- [facturacionapp] [    Test worker] org.springframework.test.context.cache   : Spring test ApplicationContext cache statistics: [DefaultContextCache@26712838 size = 2, maxSize = 32, parentContextCount = 0, hitCount = 83, missCount = 2, failureCount = 0]
2025-05-01T15:10:52.241-04:00 DEBUG 16740 --- [facturacionapp] [    Test worker] org.springframework.test.context.cache   : Spring test ApplicationContext cache statistics: [DefaultContextCache@26712838 size = 2, maxSize = 32, parentContextCount = 0, hitCount = 84, missCount = 2, failureCount = 0]
2025-05-01T15:10:52.241-04:00 DEBUG 16740 --- [facturacionapp] [    Test worker] .c.s.DirtiesContextTestExecutionListener : After test class: class [ClientRepositoryTest], class annotated with @DirtiesContext [false] with mode [null]
]]></system-out>
  <system-err><![CDATA[]]></system-err>
</testsuite>
